<?xml version="1.0" encoding="UTF-8"?>
<!-- Generated by org.testng.reporters.JUnitReportReporter -->
<testsuite skipped="0" hostname="5CG8243NH8" name="test.TC01" tests="1" failures="0" timestamp="10 Mar 2019 09:11:47 GMT" time="35.704" errors="0">
  <testcase name="f" time="35.704" classname="test.TC01"/>
</testsuite> <!-- test.TC01 -->
