<?xml version="1.0" encoding="UTF-8"?>
<!-- Generated by org.testng.reporters.JUnitReportReporter -->
<testsuite skipped="0" hostname="5CG8243NH8" name="test.TC04" tests="1" failures="0" timestamp="08 Mar 2019 03:48:25 GMT" time="13.392" errors="0">
  <testcase name="f" time="13.392" classname="test.TC04"/>
</testsuite> <!-- test.TC04 -->
