<?xml version="1.0" encoding="UTF-8"?>
<!-- Generated by org.testng.reporters.JUnitReportReporter -->
<testsuite skipped="0" hostname="5CG8243NH8" name="test.TC12" tests="1" failures="0" timestamp="07 Mar 2019 08:36:51 GMT" time="9.897" errors="0">
  <testcase name="f" time="9.897" classname="test.TC12"/>
</testsuite> <!-- test.TC12 -->
