<?xml version="1.0" encoding="UTF-8"?>
<!-- Generated by org.testng.reporters.JUnitReportReporter -->
<testsuite skipped="0" hostname="5CG8243NH8" name="test.TC05" tests="1" failures="0" timestamp="07 Mar 2019 09:48:48 GMT" time="9.077" errors="0">
  <testcase name="f" time="9.077" classname="test.TC05"/>
</testsuite> <!-- test.TC05 -->
